<?xml version="1.0" encoding="UTF-8"?>
<testng-results ignored="0" total="2" passed="2" failed="0" skipped="0">
  <reporter-output>
  </reporter-output>
  <suite started-at="2024-09-11T15:11:03 IST" name="Suite" finished-at="2024-09-11T15:11:22 IST" duration-ms="18516">
    <groups>
    </groups>
    <test started-at="2024-09-11T15:11:03 IST" name="Test_case_suite" finished-at="2024-09-11T15:11:22 IST" duration-ms="18516">
      <class name="test_01.Assisment_project.Test_cases">
        <test-method is-config="true" signature="beforeSuite()[pri:0, instance:test_01.Assisment_project.Test_cases@2a65fe7c]" started-at="2024-09-11T15:10:56 IST" name="beforeSuite" finished-at="2024-09-11T15:11:03 IST" duration-ms="7719" status="PASS">
          <reporter-output>
          </reporter-output>
        </test-method> <!-- beforeSuite -->
        <test-method is-config="true" signature="report()[pri:0, instance:test_01.Assisment_project.Test_cases@2a65fe7c]" started-at="2024-09-11T15:11:03 IST" name="report" finished-at="2024-09-11T15:11:03 IST" duration-ms="181" status="PASS">
          <reporter-output>
          </reporter-output>
        </test-method> <!-- report -->
        <test-method signature="unsuccessful_login()[pri:1, instance:test_01.Assisment_project.Test_cases@2a65fe7c]" started-at="2024-09-11T15:11:04 IST" name="unsuccessful_login" finished-at="2024-09-11T15:11:12 IST" duration-ms="8683" status="PASS">
          <reporter-output>
          </reporter-output>
        </test-method> <!-- unsuccessful_login -->
        <test-method signature="succesfull_login()[pri:2, instance:test_01.Assisment_project.Test_cases@2a65fe7c]" started-at="2024-09-11T15:11:12 IST" name="succesfull_login" finished-at="2024-09-11T15:11:22 IST" duration-ms="9595" status="PASS">
          <reporter-output>
          </reporter-output>
        </test-method> <!-- succesfull_login -->
        <test-method is-config="true" signature="afterSuite()[pri:0, instance:test_01.Assisment_project.Test_cases@2a65fe7c]" started-at="2024-09-11T15:11:22 IST" name="afterSuite" finished-at="2024-09-11T15:11:23 IST" duration-ms="809" status="PASS">
          <reporter-output>
          </reporter-output>
        </test-method> <!-- afterSuite -->
      </class> <!-- test_01.Assisment_project.Test_cases -->
    </test> <!-- Test_case_suite -->
  </suite> <!-- Suite -->
</testng-results>
